[ 2015-11-30T14:05:07+08:00 ] 127.0.0.1 /index.php/home/index/create/s/index.php/home/index/login
INFO: [ app_begin ] --START--
INFO: Run Behavior\ReadHtmlCacheBehavior [ RunTime:0.001000s ]
INFO: [ app_begin ] --END-- [ RunTime:0.001000s ]

[ 2015-11-30T14:05:56+08:00 ] 127.0.0.1 /index.php/home/index/create/s/index.php/home/index/login
INFO: [ app_begin ] --START--
INFO: Run Behavior\ReadHtmlCacheBehavior [ RunTime:0.001000s ]
INFO: [ app_begin ] --END-- [ RunTime:0.001000s ]

[ 2015-11-30T14:05:58+08:00 ] 127.0.0.1 /index.php/home/index/create/s/index.php/home/index/login
INFO: [ app_begin ] --START--
INFO: Run Behavior\ReadHtmlCacheBehavior [ RunTime:0.001000s ]
INFO: [ app_begin ] --END-- [ RunTime:0.002000s ]

[ 2015-11-30T14:05:58+08:00 ] 127.0.0.1 /index.php/home/index/create/s/index.php/home/index/login
INFO: [ app_begin ] --START--
INFO: Run Behavior\ReadHtmlCacheBehavior [ RunTime:0.000000s ]
INFO: [ app_begin ] --END-- [ RunTime:0.002000s ]

[ 2015-11-30T14:05:58+08:00 ] 127.0.0.1 /index.php/home/index/create/s/index.php/home/index/login
INFO: [ app_begin ] --START--
INFO: Run Behavior\ReadHtmlCacheBehavior [ RunTime:0.002001s ]
INFO: [ app_begin ] --END-- [ RunTime:0.002001s ]

[ 2015-11-30T14:05:58+08:00 ] 127.0.0.1 /index.php/home/index/create/s/index.php/home/index/login
INFO: [ app_begin ] --START--
INFO: Run Behavior\ReadHtmlCacheBehavior [ RunTime:0.001000s ]
INFO: [ app_begin ] --END-- [ RunTime:0.001000s ]

[ 2015-11-30T14:06:56+08:00 ] 127.0.0.1 /index.php/home/index/create/s/index.php/home/index/login
INFO: [ app_begin ] --START--
INFO: Run Behavior\ReadHtmlCacheBehavior [ RunTime:0.001000s ]
INFO: [ app_begin ] --END-- [ RunTime:0.001000s ]

[ 2015-11-30T14:50:14+08:00 ] 127.0.0.1 /index.php/home/index/create/s/index.php/home/index/create
INFO: [ app_begin ] --START--
INFO: Run Behavior\ReadHtmlCacheBehavior [ RunTime:0.001000s ]
INFO: [ app_begin ] --END-- [ RunTime:0.001000s ]

[ 2015-11-30T14:50:32+08:00 ] 127.0.0.1 /index.php/home/index/create/s/index.php/home/index/create
INFO: [ app_begin ] --START--
INFO: Run Behavior\ReadHtmlCacheBehavior [ RunTime:0.001000s ]
INFO: [ app_begin ] --END-- [ RunTime:0.001000s ]

[ 2015-11-30T14:50:37+08:00 ] 127.0.0.1 /index.php/home/index/create/s/index.php/home/index/create
INFO: [ app_begin ] --START--
INFO: Run Behavior\ReadHtmlCacheBehavior [ RunTime:0.001000s ]
INFO: [ app_begin ] --END-- [ RunTime:0.002000s ]

[ 2015-11-30T14:52:17+08:00 ] 127.0.0.1 /index.php/home/index/create/s/index.php/home/index/create
INFO: [ app_begin ] --START--
INFO: Run Behavior\ReadHtmlCacheBehavior [ RunTime:0.000000s ]
INFO: [ app_begin ] --END-- [ RunTime:0.001000s ]

[ 2015-11-30T14:52:31+08:00 ] 127.0.0.1 /index.php/home/index/create/s/index.php/home/index/create
INFO: [ app_begin ] --START--
INFO: Run Behavior\ReadHtmlCacheBehavior [ RunTime:0.000000s ]
INFO: [ app_begin ] --END-- [ RunTime:0.000000s ]

[ 2015-11-30T14:52:32+08:00 ] 127.0.0.1 /index.php/home/index/create/s/index.php/home/index/create
INFO: [ app_begin ] --START--
INFO: Run Behavior\ReadHtmlCacheBehavior [ RunTime:0.000000s ]
INFO: [ app_begin ] --END-- [ RunTime:0.001000s ]

[ 2015-11-30T14:52:33+08:00 ] 127.0.0.1 /index.php/home/index/create/s/index.php/home/index/create
INFO: [ app_begin ] --START--
INFO: Run Behavior\ReadHtmlCacheBehavior [ RunTime:0.001000s ]
INFO: [ app_begin ] --END-- [ RunTime:0.001000s ]

[ 2015-11-30T14:52:33+08:00 ] 127.0.0.1 /index.php/home/index/create/s/index.php/home/index/create
INFO: [ app_begin ] --START--
INFO: Run Behavior\ReadHtmlCacheBehavior [ RunTime:0.001000s ]
INFO: [ app_begin ] --END-- [ RunTime:0.001000s ]

[ 2015-11-30T14:52:46+08:00 ] 127.0.0.1 /index.php/home/index/create/s/index.php/home/index/create
INFO: [ app_begin ] --START--
INFO: Run Behavior\ReadHtmlCacheBehavior [ RunTime:0.001000s ]
INFO: [ app_begin ] --END-- [ RunTime:0.001000s ]

[ 2015-11-30T14:52:46+08:00 ] 127.0.0.1 /index.php/home/index/create/s/index.php/home/index/create
INFO: [ app_begin ] --START--
INFO: Run Behavior\ReadHtmlCacheBehavior [ RunTime:0.001000s ]
INFO: [ app_begin ] --END-- [ RunTime:0.001000s ]

[ 2015-11-30T14:52:46+08:00 ] 127.0.0.1 /index.php/home/index/create/s/index.php/home/index/create
INFO: [ app_begin ] --START--
INFO: Run Behavior\ReadHtmlCacheBehavior [ RunTime:0.001000s ]
INFO: [ app_begin ] --END-- [ RunTime:0.001000s ]

[ 2015-11-30T14:52:51+08:00 ] 127.0.0.1 /index.php/home/index/create/s/index.php/home/index/create
INFO: [ app_begin ] --START--
INFO: Run Behavior\ReadHtmlCacheBehavior [ RunTime:0.001000s ]
INFO: [ app_begin ] --END-- [ RunTime:0.001000s ]

[ 2015-11-30T14:52:51+08:00 ] 127.0.0.1 /index.php/home/index/create/s/index.php/home/index/create
INFO: [ app_begin ] --START--
INFO: Run Behavior\ReadHtmlCacheBehavior [ RunTime:0.000000s ]
INFO: [ app_begin ] --END-- [ RunTime:0.001000s ]

[ 2015-11-30T14:52:52+08:00 ] 127.0.0.1 /index.php/home/index/create/s/index.php/home/index/create
INFO: [ app_begin ] --START--
INFO: Run Behavior\ReadHtmlCacheBehavior [ RunTime:0.000000s ]
INFO: [ app_begin ] --END-- [ RunTime:0.001000s ]

[ 2015-11-30T14:52:52+08:00 ] 127.0.0.1 /index.php/home/index/create/s/index.php/home/index/create
INFO: [ app_begin ] --START--
INFO: Run Behavior\ReadHtmlCacheBehavior [ RunTime:0.001000s ]
INFO: [ app_begin ] --END-- [ RunTime:0.001000s ]

[ 2015-11-30T14:52:56+08:00 ] 127.0.0.1 /index.php/home/index/create/s/index.php/home/index/create
INFO: [ app_begin ] --START--
INFO: Run Behavior\ReadHtmlCacheBehavior [ RunTime:0.000000s ]
INFO: [ app_begin ] --END-- [ RunTime:0.001000s ]

[ 2015-11-30T14:52:56+08:00 ] 127.0.0.1 /index.php/home/index/create/s/index.php/home/index/create
INFO: [ app_begin ] --START--
INFO: Run Behavior\ReadHtmlCacheBehavior [ RunTime:0.001000s ]
INFO: [ app_begin ] --END-- [ RunTime:0.001000s ]

[ 2015-11-30T14:52:57+08:00 ] 127.0.0.1 /index.php/home/index/create/s/index.php/home/index/create
INFO: [ app_begin ] --START--
INFO: Run Behavior\ReadHtmlCacheBehavior [ RunTime:0.001000s ]
INFO: [ app_begin ] --END-- [ RunTime:0.001000s ]

[ 2015-11-30T15:17:30+08:00 ] 127.0.0.1 /index.php/home/index/create/s/index.php/home/index/create
INFO: [ app_begin ] --START--
INFO: Run Behavior\ReadHtmlCacheBehavior [ RunTime:0.001000s ]
INFO: [ app_begin ] --END-- [ RunTime:0.002000s ]

[ 2015-11-30T15:17:47+08:00 ] 127.0.0.1 /index.php/home/index/create/s/index.php/home/index/create
INFO: [ app_begin ] --START--
INFO: Run Behavior\ReadHtmlCacheBehavior [ RunTime:0.001000s ]
INFO: [ app_begin ] --END-- [ RunTime:0.001000s ]

[ 2015-11-30T15:17:58+08:00 ] 127.0.0.1 /index.php/home/index/create/s/index.php/home/index/create
INFO: [ app_begin ] --START--
INFO: Run Behavior\ReadHtmlCacheBehavior [ RunTime:0.001000s ]
INFO: [ app_begin ] --END-- [ RunTime:0.001000s ]

[ 2015-11-30T15:18:00+08:00 ] 127.0.0.1 /index.php/home/index/create/s/index.php/home/index/create
INFO: [ app_begin ] --START--
INFO: Run Behavior\ReadHtmlCacheBehavior [ RunTime:0.000000s ]
INFO: [ app_begin ] --END-- [ RunTime:0.001000s ]

[ 2015-11-30T15:19:31+08:00 ] 127.0.0.1 /index.php/home/index/create/s/index.php/home/index/doCreate
INFO: [ app_begin ] --START--
INFO: Run Behavior\ReadHtmlCacheBehavior [ RunTime:0.001000s ]
INFO: [ app_begin ] --END-- [ RunTime:0.002000s ]

[ 2015-11-30T15:22:07+08:00 ] 127.0.0.1 /index.php/home/index/create/s/index.php/home/index/doCreate
INFO: [ app_begin ] --START--
INFO: Run Behavior\ReadHtmlCacheBehavior [ RunTime:0.001000s ]
INFO: [ app_begin ] --END-- [ RunTime:0.002000s ]

[ 2015-11-30T15:23:02+08:00 ] 127.0.0.1 /index.php/home/index/create/s/index.php/home/index/doCreate
INFO: [ app_begin ] --START--
INFO: Run Behavior\ReadHtmlCacheBehavior [ RunTime:0.000000s ]
INFO: [ app_begin ] --END-- [ RunTime:0.002001s ]

[ 2015-11-30T15:24:35+08:00 ] 127.0.0.1 /index.php/home/index/create/s/index.php/home/index/doCreate
INFO: [ app_begin ] --START--
INFO: Run Behavior\ReadHtmlCacheBehavior [ RunTime:0.001000s ]
INFO: [ app_begin ] --END-- [ RunTime:0.002000s ]

[ 2015-11-30T15:24:43+08:00 ] 127.0.0.1 /index.php/home/index/create/s/index.php/home/index/doCreate
INFO: [ app_begin ] --START--
INFO: Run Behavior\ReadHtmlCacheBehavior [ RunTime:0.001000s ]
INFO: [ app_begin ] --END-- [ RunTime:0.001000s ]

[ 2015-11-30T15:25:05+08:00 ] 127.0.0.1 /index.php/home/index/create/s/index.php/home/index/doCreate
INFO: [ app_begin ] --START--
INFO: Run Behavior\ReadHtmlCacheBehavior [ RunTime:0.001000s ]
INFO: [ app_begin ] --END-- [ RunTime:0.001000s ]

[ 2015-11-30T15:25:08+08:00 ] 127.0.0.1 /index.php/home/index/create/s/index.php/home/index/doCreate
INFO: [ app_begin ] --START--
INFO: Run Behavior\ReadHtmlCacheBehavior [ RunTime:0.001000s ]
INFO: [ app_begin ] --END-- [ RunTime:0.001000s ]

[ 2015-11-30T15:27:02+08:00 ] 127.0.0.1 /index.php/home/index/create/s/index.php/home/index/doCreate
INFO: [ app_begin ] --START--
INFO: Run Behavior\ReadHtmlCacheBehavior [ RunTime:0.001000s ]
INFO: [ app_begin ] --END-- [ RunTime:0.002000s ]

[ 2015-11-30T15:27:29+08:00 ] 127.0.0.1 /index.php/home/index/create/s/index.php/home/index/doCreate
INFO: [ app_begin ] --START--
INFO: Run Behavior\ReadHtmlCacheBehavior [ RunTime:0.000000s ]
INFO: [ app_begin ] --END-- [ RunTime:0.002000s ]

[ 2015-11-30T15:27:36+08:00 ] 127.0.0.1 /index.php/home/index/create/s/index.php/home/index/doCreate
INFO: [ app_begin ] --START--
INFO: Run Behavior\ReadHtmlCacheBehavior [ RunTime:0.000000s ]
INFO: [ app_begin ] --END-- [ RunTime:0.001000s ]

[ 2015-11-30T15:28:40+08:00 ] 127.0.0.1 /index.php/home/index/create/s/index.php/home/index/doCreate
INFO: [ app_begin ] --START--
INFO: Run Behavior\ReadHtmlCacheBehavior [ RunTime:0.000000s ]
INFO: [ app_begin ] --END-- [ RunTime:0.001000s ]

[ 2015-11-30T15:28:49+08:00 ] 127.0.0.1 /index.php/home/index/doCreate
INFO: [ app_begin ] --START--
INFO: Run Behavior\ReadHtmlCacheBehavior [ RunTime:0.000000s ]
INFO: [ app_begin ] --END-- [ RunTime:0.001000s ]

[ 2015-11-30T15:28:50+08:00 ] 127.0.0.1 /index.php/home/index/doCreate
INFO: [ app_begin ] --START--
INFO: Run Behavior\ReadHtmlCacheBehavior [ RunTime:0.001000s ]
INFO: [ app_begin ] --END-- [ RunTime:0.001000s ]

[ 2015-11-30T15:28:50+08:00 ] 127.0.0.1 /index.php/home/index/doCreate
INFO: [ app_begin ] --START--
INFO: Run Behavior\ReadHtmlCacheBehavior [ RunTime:0.001000s ]
INFO: [ app_begin ] --END-- [ RunTime:0.001000s ]

[ 2015-11-30T15:28:51+08:00 ] 127.0.0.1 /index.php/home/index/doCreate
INFO: [ app_begin ] --START--
INFO: Run Behavior\ReadHtmlCacheBehavior [ RunTime:0.001000s ]
INFO: [ app_begin ] --END-- [ RunTime:0.001000s ]

[ 2015-11-30T15:28:51+08:00 ] 127.0.0.1 /index.php/home/index/doCreate
INFO: [ app_begin ] --START--
INFO: Run Behavior\ReadHtmlCacheBehavior [ RunTime:0.001000s ]
INFO: [ app_begin ] --END-- [ RunTime:0.002000s ]

[ 2015-11-30T15:29:39+08:00 ] 127.0.0.1 /index.php/home/index/doCreate
INFO: [ app_begin ] --START--
INFO: Run Behavior\ReadHtmlCacheBehavior [ RunTime:0.001000s ]
INFO: [ app_begin ] --END-- [ RunTime:0.002000s ]
SQL: SHOW COLUMNS FROM `w_system_user` [ RunTime:0.0370s ]
NOTIC: [8] Undefined index: validate E:\WWW\ace\1\webroot\ThinkPHP\Library\Think\Model.class.php 第 1185 行.
NOTIC: [8] Undefined index: auto E:\WWW\ace\1\webroot\ThinkPHP\Library\Think\Model.class.php 第 1128 行.

[ 2015-11-30T15:29:51+08:00 ] 127.0.0.1 /index.php/home/index/doCreate
INFO: [ app_begin ] --START--
INFO: Run Behavior\ReadHtmlCacheBehavior [ RunTime:0.000000s ]
INFO: [ app_begin ] --END-- [ RunTime:0.001000s ]
SQL: SHOW COLUMNS FROM `w_system_user` [ RunTime:0.0430s ]
NOTIC: [8] Undefined index: validate E:\WWW\ace\1\webroot\ThinkPHP\Library\Think\Model.class.php 第 1185 行.
NOTIC: [8] Undefined index: auto E:\WWW\ace\1\webroot\ThinkPHP\Library\Think\Model.class.php 第 1128 行.

[ 2015-11-30T15:30:14+08:00 ] 127.0.0.1 /index.php/home/index/doCreate
INFO: [ app_begin ] --START--
INFO: Run Behavior\ReadHtmlCacheBehavior [ RunTime:0.001000s ]
INFO: [ app_begin ] --END-- [ RunTime:0.001000s ]
SQL: SHOW COLUMNS FROM `w_system_user` [ RunTime:0.0350s ]
NOTIC: [8] Undefined index: validate E:\WWW\ace\1\webroot\ThinkPHP\Library\Think\Model.class.php 第 1185 行.
NOTIC: [8] Undefined index: auto E:\WWW\ace\1\webroot\ThinkPHP\Library\Think\Model.class.php 第 1128 行.

[ 2015-11-30T15:30:55+08:00 ] 127.0.0.1 /index.php/home/index/doCreate
INFO: [ app_begin ] --START--
INFO: Run Behavior\ReadHtmlCacheBehavior [ RunTime:0.001000s ]
INFO: [ app_begin ] --END-- [ RunTime:0.002000s ]
SQL: SHOW COLUMNS FROM `w_system_user` [ RunTime:0.0480s ]
NOTIC: [8] Undefined index: validate E:\WWW\ace\1\webroot\ThinkPHP\Library\Think\Model.class.php 第 1185 行.
NOTIC: [8] Undefined index: auto E:\WWW\ace\1\webroot\ThinkPHP\Library\Think\Model.class.php 第 1128 行.

[ 2015-11-30T15:31:13+08:00 ] 127.0.0.1 /index.php/home/index/doCreate
INFO: [ app_begin ] --START--
INFO: Run Behavior\ReadHtmlCacheBehavior [ RunTime:0.001000s ]
INFO: [ app_begin ] --END-- [ RunTime:0.001000s ]
SQL: SHOW COLUMNS FROM `w_system_user` [ RunTime:0.0320s ]
NOTIC: [8] Undefined index: validate E:\WWW\ace\1\webroot\ThinkPHP\Library\Think\Model.class.php 第 1185 行.
NOTIC: [8] Undefined index: auto E:\WWW\ace\1\webroot\ThinkPHP\Library\Think\Model.class.php 第 1128 行.

[ 2015-11-30T15:35:10+08:00 ] 127.0.0.1 /index.php/home/index/doCreate
INFO: [ app_begin ] --START--
INFO: Run Behavior\ReadHtmlCacheBehavior [ RunTime:0.001001s ]
INFO: [ app_begin ] --END-- [ RunTime:0.001001s ]
SQL: SHOW COLUMNS FROM `w_system_user` [ RunTime:0.0350s ]
NOTIC: [8] Undefined index: validate E:\WWW\ace\1\webroot\ThinkPHP\Library\Think\Model.class.php 第 1185 行.
NOTIC: [8] Undefined index: auto E:\WWW\ace\1\webroot\ThinkPHP\Library\Think\Model.class.php 第 1128 行.

[ 2015-11-30T15:36:59+08:00 ] 127.0.0.1 /index.php/home/index/doCreate
INFO: [ app_begin ] --START--
INFO: Run Behavior\ReadHtmlCacheBehavior [ RunTime:0.001000s ]
INFO: [ app_begin ] --END-- [ RunTime:0.001000s ]
SQL: SHOW COLUMNS FROM `w_system_user` [ RunTime:0.0340s ]

[ 2015-11-30T15:37:07+08:00 ] 127.0.0.1 /index.php/home/index/doCreate
INFO: [ app_begin ] --START--
INFO: Run Behavior\ReadHtmlCacheBehavior [ RunTime:0.001000s ]
INFO: [ app_begin ] --END-- [ RunTime:0.002000s ]
SQL: SHOW COLUMNS FROM `w_system_user` [ RunTime:0.0420s ]

[ 2015-11-30T15:38:49+08:00 ] 127.0.0.1 /index.php/home/index/doCreate
INFO: [ app_begin ] --START--
INFO: Run Behavior\ReadHtmlCacheBehavior [ RunTime:0.000000s ]
INFO: [ app_begin ] --END-- [ RunTime:0.001000s ]
SQL: SHOW COLUMNS FROM `w_system_user` [ RunTime:0.0340s ]

[ 2015-11-30T15:39:17+08:00 ] 127.0.0.1 /index.php/home/index/doCreate
INFO: [ app_begin ] --START--
INFO: Run Behavior\ReadHtmlCacheBehavior [ RunTime:0.001000s ]
INFO: [ app_begin ] --END-- [ RunTime:0.003000s ]
SQL: SHOW COLUMNS FROM `w_system_user` [ RunTime:0.0340s ]

[ 2015-11-30T15:39:19+08:00 ] 127.0.0.1 /index.php/home/index/doCreate
INFO: [ app_begin ] --START--
INFO: Run Behavior\ReadHtmlCacheBehavior [ RunTime:0.000000s ]
INFO: [ app_begin ] --END-- [ RunTime:0.001000s ]
SQL: SHOW COLUMNS FROM `w_system_user` [ RunTime:0.0360s ]

[ 2015-11-30T15:39:21+08:00 ] 127.0.0.1 /index.php/home/index/doCreate
INFO: [ app_begin ] --START--
INFO: Run Behavior\ReadHtmlCacheBehavior [ RunTime:0.000000s ]
INFO: [ app_begin ] --END-- [ RunTime:0.001001s ]
SQL: SHOW COLUMNS FROM `w_system_user` [ RunTime:0.0340s ]

[ 2015-11-30T15:39:58+08:00 ] 127.0.0.1 /index.php/home/index/doCreate
INFO: [ app_begin ] --START--
INFO: Run Behavior\ReadHtmlCacheBehavior [ RunTime:0.001000s ]
INFO: [ app_begin ] --END-- [ RunTime:0.001000s ]
SQL: SHOW COLUMNS FROM `w_system_user` [ RunTime:0.0420s ]

[ 2015-11-30T15:40:01+08:00 ] 127.0.0.1 /index.php/home/index/doCreate
INFO: [ app_begin ] --START--
INFO: Run Behavior\ReadHtmlCacheBehavior [ RunTime:0.000000s ]
INFO: [ app_begin ] --END-- [ RunTime:0.001000s ]
SQL: SHOW COLUMNS FROM `w_system_user` [ RunTime:0.0340s ]

[ 2015-11-30T15:42:25+08:00 ] 127.0.0.1 /index.php/home/index/doCreate
INFO: [ app_begin ] --START--
INFO: Run Behavior\ReadHtmlCacheBehavior [ RunTime:0.001000s ]
INFO: [ app_begin ] --END-- [ RunTime:0.002001s ]
SQL: SHOW COLUMNS FROM `w_system_user` [ RunTime:0.0360s ]

[ 2015-11-30T15:42:30+08:00 ] 127.0.0.1 /index.php/home/index/doCreate
INFO: [ app_begin ] --START--
INFO: Run Behavior\ReadHtmlCacheBehavior [ RunTime:0.001001s ]
INFO: [ app_begin ] --END-- [ RunTime:0.002001s ]
SQL: SHOW COLUMNS FROM `w_system_user` [ RunTime:0.0370s ]

[ 2015-11-30T15:43:03+08:00 ] 127.0.0.1 /index.php/home/index/doCreate
INFO: [ app_begin ] --START--
INFO: Run Behavior\ReadHtmlCacheBehavior [ RunTime:0.001000s ]
INFO: [ app_begin ] --END-- [ RunTime:0.001000s ]
SQL: SHOW COLUMNS FROM `w_system_user` [ RunTime:0.0350s ]

[ 2015-11-30T15:45:44+08:00 ] 127.0.0.1 /index.php/home/index/doCreate
INFO: [ app_begin ] --START--
INFO: Run Behavior\ReadHtmlCacheBehavior [ RunTime:0.000000s ]
INFO: [ app_begin ] --END-- [ RunTime:0.001001s ]
SQL: SHOW COLUMNS FROM `w_system_user` [ RunTime:0.0340s ]
NOTIC: [8] Undefined index: validate E:\WWW\ace\1\webroot\ThinkPHP\Library\Think\Model.class.php 第 1185 行.
NOTIC: [8] Undefined index: auto E:\WWW\ace\1\webroot\ThinkPHP\Library\Think\Model.class.php 第 1128 行.
SQL: INSERT INTO `w_system_user` (`username`,`password`,`level`,`create_time`) VALUES ('123456','3111dadf72382cb4aa734922b11d5a12','0','1448869544') [ RunTime:0.0320s ]

